
***************************************
         INITIALIZING PDMET          
***************************************

Calculating initial mean-field Hamiltonian
Mf 1RDM is initialized with RHF
converged SCF energy = -6.98791841486987

***************************************
    BEGIN STATIC PDMET CALCULATION     
***************************************

Iteration: 0

converged SCF energy = -4.00938967728505
converged SCF energy = -5.03566786632769
converged SCF energy = -4.00938967728505
total electrons: 6.000000000000002
chemical potential fitting is unnecessary
trace of global RDM 6.000000000000001

Iteration: 1

converged SCF energy = -4.00938967728506
converged SCF energy = -5.03566786632769
converged SCF energy = -4.00938967728506
total electrons: 6.000000000000016
chemical potential fitting is unnecessary
trace of global RDM 6.000000000000016

***************************************
    FINISH STATIC PDMET CALCULATION    
***************************************

Final DMET energy = -6.987918414869888
Energy per site for U= 0.0 is: -1.1646530691449815
DMET calculation succesfully converged in 1 iterations
Final difference in global 1RDM = 9.658101181907438e-15

total_time 0.4337513000064064
Transitioning from restricted static calculation to generalized dynamic calculation.
currently setting tot_sysem.mf1RDM (and tot_system.glob1RDM) to the reshaped mf1RDM (glob1RDM)... theres also the option of the intialize_GHF call for the mf1RDM and the get_glob1RDM for the glob1RDM
Finished transition, beginning dynamics.

********************************************
     SET-UP REAL-TIME DMET CALCULATION       
********************************************

[3 4]

********************************************
     BEGIN REAL-TIME DMET CALCULATION       
********************************************

Writing data at step  50 and time 0.005 for RT-pDMET calculation
Writing data at step  100 and time 0.01 for RT-pDMET calculation
Writing data at step  150 and time 0.015000000000000001 for RT-pDMET calculation
Writing data at step  200 and time 0.02 for RT-pDMET calculation
Writing data at step  250 and time 0.025 for RT-pDMET calculation
Writing data at step  300 and time 0.030000000000000002 for RT-pDMET calculation
Writing data at step  350 and time 0.035 for RT-pDMET calculation
 
NUMERICAL STABILITY WARNING: missmatch between global 1RDM and its propagated egenvectors;
                            off-diagonal terms of global 1RDM diagonalized with NOs are 
                            greater than a tollerance threshold dG

discrepancy threshold dG= 1e-05 at time 0.037000000000000005

Writing data at step  400 and time 0.04 for RT-pDMET calculation
Writing data at step  450 and time 0.045000000000000005 for RT-pDMET calculation
Writing data at step  500 and time 0.05 for RT-pDMET calculation
Writing data at step  550 and time 0.055 for RT-pDMET calculation
Writing data at step  600 and time 0.060000000000000005 for RT-pDMET calculation
Writing data at step  650 and time 0.065 for RT-pDMET calculation
Writing data at step  700 and time 0.07 for RT-pDMET calculation
Writing data at step  750 and time 0.075 for RT-pDMET calculation
Writing data at step  800 and time 0.08 for RT-pDMET calculation
Writing data at step  850 and time 0.085 for RT-pDMET calculation
Writing data at step  900 and time 0.09000000000000001 for RT-pDMET calculation
Writing data at step  950 and time 0.095 for RT-pDMET calculation
Writing data at step  1000 and time 0.1 for RT-pDMET calculation
Writing data at step  1050 and time 0.10500000000000001 for RT-pDMET calculation
Writing data at step  1100 and time 0.11 for RT-pDMET calculation
Writing data at step  1150 and time 0.115 for RT-pDMET calculation
Writing data at step  1200 and time 0.12000000000000001 for RT-pDMET calculation
Writing data at step  1250 and time 0.125 for RT-pDMET calculation
Writing data at step  1300 and time 0.13 for RT-pDMET calculation
Writing data at step  1350 and time 0.135 for RT-pDMET calculation
Writing data at step  1400 and time 0.14 for RT-pDMET calculation
Writing data at step  1450 and time 0.14500000000000002 for RT-pDMET calculation
Writing data at step  1500 and time 0.15 for RT-pDMET calculation
Writing data at step  1550 and time 0.155 for RT-pDMET calculation
Writing data at step  1600 and time 0.16 for RT-pDMET calculation
Writing data at step  1650 and time 0.165 for RT-pDMET calculation
Writing data at step  1700 and time 0.17 for RT-pDMET calculation
Writing data at step  1750 and time 0.17500000000000002 for RT-pDMET calculation
Writing data at step  1800 and time 0.18000000000000002 for RT-pDMET calculation
Writing data at step  1850 and time 0.185 for RT-pDMET calculation
Writing data at step  1900 and time 0.19 for RT-pDMET calculation
Writing data at step  1950 and time 0.195 for RT-pDMET calculation
Writing data at step  2000 and time 0.2 for RT-pDMET calculation
Writing data at step  2050 and time 0.20500000000000002 for RT-pDMET calculation
Writing data at step  2100 and time 0.21000000000000002 for RT-pDMET calculation
Writing data at step  2150 and time 0.215 for RT-pDMET calculation
Writing data at step  2200 and time 0.22 for RT-pDMET calculation
Writing data at step  2250 and time 0.225 for RT-pDMET calculation
Writing data at step  2300 and time 0.23 for RT-pDMET calculation
Writing data at step  2350 and time 0.23500000000000001 for RT-pDMET calculation
Writing data at step  2400 and time 0.24000000000000002 for RT-pDMET calculation
Writing data at step  2450 and time 0.24500000000000002 for RT-pDMET calculation
Writing data at step  2500 and time 0.25 for RT-pDMET calculation
Writing data at step  2550 and time 0.255 for RT-pDMET calculation
Writing data at step  2600 and time 0.26 for RT-pDMET calculation
Writing data at step  2650 and time 0.265 for RT-pDMET calculation
Writing data at step  2700 and time 0.27 for RT-pDMET calculation
Writing data at step  2750 and time 0.275 for RT-pDMET calculation
Writing data at step  2800 and time 0.28 for RT-pDMET calculation
Writing data at step  2850 and time 0.28500000000000003 for RT-pDMET calculation
Writing data at step  2900 and time 0.29000000000000004 for RT-pDMET calculation
Writing data at step  2950 and time 0.29500000000000004 for RT-pDMET calculation
Writing data at step  3000 and time 0.3 for RT-pDMET calculation
Writing data at step  3050 and time 0.305 for RT-pDMET calculation
Writing data at step  3100 and time 0.31 for RT-pDMET calculation
Writing data at step  3150 and time 0.315 for RT-pDMET calculation
Writing data at step  3200 and time 0.32 for RT-pDMET calculation
Writing data at step  3250 and time 0.325 for RT-pDMET calculation
Writing data at step  3300 and time 0.33 for RT-pDMET calculation
Writing data at step  3350 and time 0.335 for RT-pDMET calculation
Writing data at step  3400 and time 0.34 for RT-pDMET calculation
Writing data at step  3450 and time 0.34500000000000003 for RT-pDMET calculation
Writing data at step  3500 and time 0.35000000000000003 for RT-pDMET calculation
Writing data at step  3550 and time 0.35500000000000004 for RT-pDMET calculation
Writing data at step  3600 and time 0.36000000000000004 for RT-pDMET calculation
Writing data at step  3650 and time 0.365 for RT-pDMET calculation
Writing data at step  3700 and time 0.37 for RT-pDMET calculation
Writing data at step  3750 and time 0.375 for RT-pDMET calculation
Writing data at step  3800 and time 0.38 for RT-pDMET calculation
Writing data at step  3850 and time 0.385 for RT-pDMET calculation
Writing data at step  3900 and time 0.39 for RT-pDMET calculation
Writing data at step  3950 and time 0.395 for RT-pDMET calculation
Writing data at step  4000 and time 0.4 for RT-pDMET calculation
Writing data at step  4050 and time 0.405 for RT-pDMET calculation
Writing data at step  4100 and time 0.41000000000000003 for RT-pDMET calculation
Writing data at step  4150 and time 0.41500000000000004 for RT-pDMET calculation
Writing data at step  4200 and time 0.42000000000000004 for RT-pDMET calculation
Writing data at step  4250 and time 0.42500000000000004 for RT-pDMET calculation
Writing data at step  4300 and time 0.43 for RT-pDMET calculation
Writing data at step  4350 and time 0.435 for RT-pDMET calculation
Writing data at step  4400 and time 0.44 for RT-pDMET calculation
Writing data at step  4450 and time 0.445 for RT-pDMET calculation
Writing data at step  4500 and time 0.45 for RT-pDMET calculation
Writing data at step  4550 and time 0.455 for RT-pDMET calculation
Writing data at step  4600 and time 0.46 for RT-pDMET calculation
Writing data at step  4650 and time 0.465 for RT-pDMET calculation
Writing data at step  4700 and time 0.47000000000000003 for RT-pDMET calculation
Writing data at step  4750 and time 0.47500000000000003 for RT-pDMET calculation
Writing data at step  4800 and time 0.48000000000000004 for RT-pDMET calculation
Writing data at step  4850 and time 0.48500000000000004 for RT-pDMET calculation
Writing data at step  4900 and time 0.49000000000000005 for RT-pDMET calculation
Writing data at step  4950 and time 0.49500000000000005 for RT-pDMET calculation
Writing data at step  5000 and time 0.5 for RT-pDMET calculation
Writing data at step  5050 and time 0.505 for RT-pDMET calculation
Writing data at step  5100 and time 0.51 for RT-pDMET calculation
Writing data at step  5150 and time 0.515 for RT-pDMET calculation
Writing data at step  5200 and time 0.52 for RT-pDMET calculation
Writing data at step  5250 and time 0.525 for RT-pDMET calculation
Writing data at step  5300 and time 0.53 for RT-pDMET calculation
Writing data at step  5350 and time 0.535 for RT-pDMET calculation
Writing data at step  5400 and time 0.54 for RT-pDMET calculation
Writing data at step  5450 and time 0.545 for RT-pDMET calculation
Writing data at step  5500 and time 0.55 for RT-pDMET calculation
Writing data at step  5550 and time 0.555 for RT-pDMET calculation
Writing data at step  5600 and time 0.56 for RT-pDMET calculation
Writing data at step  5650 and time 0.5650000000000001 for RT-pDMET calculation
Writing data at step  5700 and time 0.5700000000000001 for RT-pDMET calculation
Writing data at step  5750 and time 0.5750000000000001 for RT-pDMET calculation
Writing data at step  5800 and time 0.5800000000000001 for RT-pDMET calculation
Writing data at step  5850 and time 0.5850000000000001 for RT-pDMET calculation
Writing data at step  5900 and time 0.5900000000000001 for RT-pDMET calculation
Writing data at step  5950 and time 0.595 for RT-pDMET calculation
Writing data at step  6000 and time 0.6 for RT-pDMET calculation
Writing data at step  6050 and time 0.605 for RT-pDMET calculation
Writing data at step  6100 and time 0.61 for RT-pDMET calculation
Writing data at step  6150 and time 0.615 for RT-pDMET calculation
Writing data at step  6200 and time 0.62 for RT-pDMET calculation
Writing data at step  6250 and time 0.625 for RT-pDMET calculation
Writing data at step  6300 and time 0.63 for RT-pDMET calculation
Writing data at step  6350 and time 0.635 for RT-pDMET calculation
Writing data at step  6400 and time 0.64 for RT-pDMET calculation
Writing data at step  6450 and time 0.645 for RT-pDMET calculation
Writing data at step  6500 and time 0.65 for RT-pDMET calculation
Writing data at step  6550 and time 0.655 for RT-pDMET calculation
Writing data at step  6600 and time 0.66 for RT-pDMET calculation
Writing data at step  6650 and time 0.665 for RT-pDMET calculation
Writing data at step  6700 and time 0.67 for RT-pDMET calculation
Writing data at step  6750 and time 0.675 for RT-pDMET calculation
Writing data at step  6800 and time 0.68 for RT-pDMET calculation
Writing data at step  6850 and time 0.685 for RT-pDMET calculation
Writing data at step  6900 and time 0.6900000000000001 for RT-pDMET calculation
Writing data at step  6950 and time 0.6950000000000001 for RT-pDMET calculation
Writing data at step  7000 and time 0.7000000000000001 for RT-pDMET calculation
Writing data at step  7050 and time 0.7050000000000001 for RT-pDMET calculation
Writing data at step  7100 and time 0.7100000000000001 for RT-pDMET calculation
Writing data at step  7150 and time 0.7150000000000001 for RT-pDMET calculation
Writing data at step  7200 and time 0.7200000000000001 for RT-pDMET calculation
Writing data at step  7250 and time 0.7250000000000001 for RT-pDMET calculation
Writing data at step  7300 and time 0.73 for RT-pDMET calculation
Writing data at step  7350 and time 0.735 for RT-pDMET calculation
Writing data at step  7400 and time 0.74 for RT-pDMET calculation
Writing data at step  7450 and time 0.745 for RT-pDMET calculation
Writing data at step  7500 and time 0.75 for RT-pDMET calculation
Writing data at step  7550 and time 0.755 for RT-pDMET calculation
Writing data at step  7600 and time 0.76 for RT-pDMET calculation
Writing data at step  7650 and time 0.765 for RT-pDMET calculation
Writing data at step  7700 and time 0.77 for RT-pDMET calculation
Writing data at step  7750 and time 0.775 for RT-pDMET calculation
Writing data at step  7800 and time 0.78 for RT-pDMET calculation
Writing data at step  7850 and time 0.785 for RT-pDMET calculation
Writing data at step  7900 and time 0.79 for RT-pDMET calculation
Writing data at step  7950 and time 0.795 for RT-pDMET calculation
Writing data at step  8000 and time 0.8 for RT-pDMET calculation
Writing data at step  8050 and time 0.805 for RT-pDMET calculation
Writing data at step  8100 and time 0.81 for RT-pDMET calculation
Writing data at step  8150 and time 0.8150000000000001 for RT-pDMET calculation
Writing data at step  8200 and time 0.8200000000000001 for RT-pDMET calculation
Writing data at step  8250 and time 0.8250000000000001 for RT-pDMET calculation
Writing data at step  8300 and time 0.8300000000000001 for RT-pDMET calculation
Writing data at step  8350 and time 0.8350000000000001 for RT-pDMET calculation
Writing data at step  8400 and time 0.8400000000000001 for RT-pDMET calculation
Writing data at step  8450 and time 0.8450000000000001 for RT-pDMET calculation
Writing data at step  8500 and time 0.8500000000000001 for RT-pDMET calculation
Writing data at step  8550 and time 0.8550000000000001 for RT-pDMET calculation
Writing data at step  8600 and time 0.86 for RT-pDMET calculation
Writing data at step  8650 and time 0.865 for RT-pDMET calculation
Writing data at step  8700 and time 0.87 for RT-pDMET calculation
Writing data at step  8750 and time 0.875 for RT-pDMET calculation
Writing data at step  8800 and time 0.88 for RT-pDMET calculation
Writing data at step  8850 and time 0.885 for RT-pDMET calculation
Writing data at step  8900 and time 0.89 for RT-pDMET calculation
Writing data at step  8950 and time 0.895 for RT-pDMET calculation
Writing data at step  9000 and time 0.9 for RT-pDMET calculation
Writing data at step  9050 and time 0.905 for RT-pDMET calculation
Writing data at step  9100 and time 0.91 for RT-pDMET calculation
Writing data at step  9150 and time 0.915 for RT-pDMET calculation
Writing data at step  9200 and time 0.92 for RT-pDMET calculation
Writing data at step  9250 and time 0.925 for RT-pDMET calculation
Writing data at step  9300 and time 0.93 for RT-pDMET calculation
Writing data at step  9350 and time 0.935 for RT-pDMET calculation
Writing data at step  9400 and time 0.9400000000000001 for RT-pDMET calculation
Writing data at step  9450 and time 0.9450000000000001 for RT-pDMET calculation
Writing data at step  9500 and time 0.9500000000000001 for RT-pDMET calculation
Writing data at step  9550 and time 0.9550000000000001 for RT-pDMET calculation
Writing data at step  9600 and time 0.9600000000000001 for RT-pDMET calculation
Writing data at step  9650 and time 0.9650000000000001 for RT-pDMET calculation
Writing data at step  9700 and time 0.9700000000000001 for RT-pDMET calculation
Writing data at step  9750 and time 0.9750000000000001 for RT-pDMET calculation
Writing data at step  9800 and time 0.9800000000000001 for RT-pDMET calculation
Writing data at step  9850 and time 0.9850000000000001 for RT-pDMET calculation
Writing data at step  9900 and time 0.9900000000000001 for RT-pDMET calculation
Writing data at step  9950 and time 0.995 for RT-pDMET calculation
Writing data at step  10000 and time 1.0 for RT-pDMET calculation

********************************************
       END REAL-TIME DMET CALCULATION       
********************************************

--- 5262.2938594818115 seconds ---
